
*** Running vivado
    with args -log top.vds -m64 -product Vivado -mode batch -messageDb vivado.pb -notrace -source top.tcl



****** Vivado v2020.2 (64-bit)
  **** SW Build 3064766 on Wed Nov 18 09:12:45 MST 2020
  **** IP Build 3064653 on Wed Nov 18 14:17:31 MST 2020
    ** Copyright 1986-2020 Xilinx, Inc. All Rights Reserved.

source top.tcl -notrace
Command: synth_design -top top -part xc7a50ticsg324-1L
Starting synth_design
Attempting to get a license for feature 'Synthesis' and/or device 'xc7a50ti'
INFO: [Common 17-349] Got license for feature 'Synthesis' and/or device 'xc7a50ti'
INFO: [Device 21-403] Loading part xc7a50ticsg324-1L
INFO: [Synth 8-7079] Multithreading enabled for synth_design using a maximum of 2 processes.
INFO: [Synth 8-7078] Launching helper process for spawning children vivado processes
INFO: [Synth 8-7075] Helper process launched with PID 9236
---------------------------------------------------------------------------------
Starting RTL Elaboration : Time (s): cpu = 00:00:06 ; elapsed = 00:00:07 . Memory (MB): peak = 999.090 ; gain = 0.000
---------------------------------------------------------------------------------
INFO: [Synth 8-638] synthesizing module 'top' [D:/Documents/xdudar03/digital-electronics-1/labs/07-display_driver/display_driver/display_driver.srcs/sources_1/new/top.vhd:52]
INFO: [Synth 8-638] synthesizing module 'driver_7seg_4digits' [D:/Documents/xdudar03/digital-electronics-1/labs/07-display_driver/display_driver/display_driver.srcs/sources_1/new/driver_7seg_4digits.vhd:61]
INFO: [Synth 8-638] synthesizing module 'clock_enable' [D:/Documents/xdudar03/digital-electronics-1/labs/07-display_driver/display_driver/display_driver.srcs/sources_1/new/clock_enable.vhd:36]
	Parameter g_MAX bound to: 4 - type: integer 
INFO: [Synth 8-256] done synthesizing module 'clock_enable' (1#1) [D:/Documents/xdudar03/digital-electronics-1/labs/07-display_driver/display_driver/display_driver.srcs/sources_1/new/clock_enable.vhd:36]
INFO: [Synth 8-638] synthesizing module 'cnt_up_down' [D:/Documents/xdudar03/digital-electronics-1/labs/07-display_driver/display_driver/display_driver.srcs/sources_1/new/cnt_up_down.vhd:35]
	Parameter g_CNT_WIDTH bound to: 2 - type: integer 
INFO: [Synth 8-256] done synthesizing module 'cnt_up_down' (2#1) [D:/Documents/xdudar03/digital-electronics-1/labs/07-display_driver/display_driver/display_driver.srcs/sources_1/new/cnt_up_down.vhd:35]
INFO: [Synth 8-638] synthesizing module 'hex_7seg' [D:/Documents/xdudar03/digital-electronics-1/labs/07-display_driver/display_driver/display_driver.srcs/sources_1/new/hex_7seg.vhd:42]
INFO: [Synth 8-256] done synthesizing module 'hex_7seg' (3#1) [D:/Documents/xdudar03/digital-electronics-1/labs/07-display_driver/display_driver/display_driver.srcs/sources_1/new/hex_7seg.vhd:42]
INFO: [Synth 8-256] done synthesizing module 'driver_7seg_4digits' (4#1) [D:/Documents/xdudar03/digital-electronics-1/labs/07-display_driver/display_driver/display_driver.srcs/sources_1/new/driver_7seg_4digits.vhd:61]
INFO: [Synth 8-256] done synthesizing module 'top' (5#1) [D:/Documents/xdudar03/digital-electronics-1/labs/07-display_driver/display_driver/display_driver.srcs/sources_1/new/top.vhd:52]
---------------------------------------------------------------------------------
Finished RTL Elaboration : Time (s): cpu = 00:00:07 ; elapsed = 00:00:09 . Memory (MB): peak = 999.090 ; gain = 0.000
---------------------------------------------------------------------------------
---------------------------------------------------------------------------------
Start Handling Custom Attributes
---------------------------------------------------------------------------------
---------------------------------------------------------------------------------
Finished Handling Custom Attributes : Time (s): cpu = 00:00:08 ; elapsed = 00:00:09 . Memory (MB): peak = 999.090 ; gain = 0.000
---------------------------------------------------------------------------------
---------------------------------------------------------------------------------
Finished RTL Optimization Phase 1 : Time (s): cpu = 00:00:08 ; elapsed = 00:00:09 . Memory (MB): peak = 999.090 ; gain = 0.000
---------------------------------------------------------------------------------
Netlist sorting complete. Time (s): cpu = 00:00:00 ; elapsed = 00:00:00.001 . Memory (MB): peak = 999.090 ; gain = 0.000
INFO: [Project 1-570] Preparing netlist for logic optimization

Processing XDC Constraints
Initializing timing engine
Parsing XDC File [D:/Documents/xdudar03/digital-electronics-1/labs/07-display_driver/display_driver/display_driver.srcs/constrs_1/new/nexys-a7-50t.xdc]
Finished Parsing XDC File [D:/Documents/xdudar03/digital-electronics-1/labs/07-display_driver/display_driver/display_driver.srcs/constrs_1/new/nexys-a7-50t.xdc]
INFO: [Project 1-236] Implementation specific constraints were found while reading constraint file [D:/Documents/xdudar03/digital-electronics-1/labs/07-display_driver/display_driver/display_driver.srcs/constrs_1/new/nexys-a7-50t.xdc]. These constraints will be ignored for synthesis but will be used in implementation. Impacted constraints are listed in the file [.Xil/top_propImpl.xdc].
Resolution: To avoid this warning, move constraints listed in [.Xil/top_propImpl.xdc] to another XDC file and exclude this new file from synthesis with the used_in_synthesis property (File Properties dialog in GUI) and re-run elaboration/synthesis.
Completed Processing XDC Constraints

Netlist sorting complete. Time (s): cpu = 00:00:00 ; elapsed = 00:00:00 . Memory (MB): peak = 999.090 ; gain = 0.000
INFO: [Project 1-111] Unisim Transformation Summary:
No Unisim elements were transformed.

Constraint Validation Runtime : Time (s): cpu = 00:00:00 ; elapsed = 00:00:00.004 . Memory (MB): peak = 999.090 ; gain = 0.000
---------------------------------------------------------------------------------
Finished Constraint Validation : Time (s): cpu = 00:00:16 ; elapsed = 00:00:18 . Memory (MB): peak = 999.090 ; gain = 0.000
---------------------------------------------------------------------------------
---------------------------------------------------------------------------------
Start Loading Part and Timing Information
---------------------------------------------------------------------------------
Loading part: xc7a50ticsg324-1L
---------------------------------------------------------------------------------
Finished Loading Part and Timing Information : Time (s): cpu = 00:00:16 ; elapsed = 00:00:18 . Memory (MB): peak = 999.090 ; gain = 0.000
---------------------------------------------------------------------------------
---------------------------------------------------------------------------------
Start Applying 'set_property' XDC Constraints
---------------------------------------------------------------------------------
---------------------------------------------------------------------------------
Finished applying 'set_property' XDC Constraints : Time (s): cpu = 00:00:16 ; elapsed = 00:00:18 . Memory (MB): peak = 999.090 ; gain = 0.000
---------------------------------------------------------------------------------
---------------------------------------------------------------------------------
Finished RTL Optimization Phase 2 : Time (s): cpu = 00:00:16 ; elapsed = 00:00:18 . Memory (MB): peak = 999.090 ; gain = 0.000
---------------------------------------------------------------------------------
---------------------------------------------------------------------------------
Start RTL Component Statistics 
---------------------------------------------------------------------------------
Detailed RTL Component Info : 
+---Adders : 
	   2 Input    2 Bit       Adders := 1     
+---Registers : 
	                4 Bit    Registers := 2     
	                2 Bit    Registers := 1     
	                1 Bit    Registers := 2     
+---Muxes : 
	   4 Input    4 Bit        Muxes := 2     
	   2 Input    4 Bit        Muxes := 1     
	   2 Input    2 Bit        Muxes := 1     
	   2 Input    1 Bit        Muxes := 2     
	   4 Input    1 Bit        Muxes := 1     
---------------------------------------------------------------------------------
Finished RTL Component Statistics 
---------------------------------------------------------------------------------
---------------------------------------------------------------------------------
Start Part Resource Summary
---------------------------------------------------------------------------------
Part Resources:
DSPs: 120 (col length:60)
BRAMs: 150 (col length: RAMB18 60 RAMB36 30)
---------------------------------------------------------------------------------
Finished Part Resource Summary
---------------------------------------------------------------------------------
---------------------------------------------------------------------------------
Start Cross Boundary and Area Optimization
---------------------------------------------------------------------------------
---------------------------------------------------------------------------------
Finished Cross Boundary and Area Optimization : Time (s): cpu = 00:00:18 ; elapsed = 00:00:20 . Memory (MB): peak = 999.090 ; gain = 0.000
---------------------------------------------------------------------------------
---------------------------------------------------------------------------------
Start Applying XDC Timing Constraints
---------------------------------------------------------------------------------
---------------------------------------------------------------------------------
Finished Applying XDC Timing Constraints : Time (s): cpu = 00:00:26 ; elapsed = 00:00:29 . Memory (MB): peak = 999.090 ; gain = 0.000
---------------------------------------------------------------------------------
---------------------------------------------------------------------------------
Start Timing Optimization
---------------------------------------------------------------------------------
---------------------------------------------------------------------------------
Finished Timing Optimization : Time (s): cpu = 00:00:26 ; elapsed = 00:00:29 . Memory (MB): peak = 999.090 ; gain = 0.000
---------------------------------------------------------------------------------
---------------------------------------------------------------------------------
Start Technology Mapping
---------------------------------------------------------------------------------
---------------------------------------------------------------------------------
Finished Technology Mapping : Time (s): cpu = 00:00:26 ; elapsed = 00:00:29 . Memory (MB): peak = 999.090 ; gain = 0.000
---------------------------------------------------------------------------------
---------------------------------------------------------------------------------
Start IO Insertion
---------------------------------------------------------------------------------
---------------------------------------------------------------------------------
Start Flattening Before IO Insertion
---------------------------------------------------------------------------------
---------------------------------------------------------------------------------
Finished Flattening Before IO Insertion
---------------------------------------------------------------------------------
---------------------------------------------------------------------------------
Start Final Netlist Cleanup
---------------------------------------------------------------------------------
---------------------------------------------------------------------------------
Finished Final Netlist Cleanup
---------------------------------------------------------------------------------
